 House of the Dragon
 All Quiet on the Western Front
 Andor
 Black Adam
 Avatar: The Way of Water
 Game of Thrones
 The Lord of the Rings: The Rings of Power
 Black Panther: Wakanda Forever
 Enola Holmes 2
 The School for Good and Evil
 The Witcher
 The Bastard Son & The Devil Himself
 Bullet Train
 The Woman King
 Tales of the Jedi
 Top Gun: Maverick
 The Boys
 Titans
 Shantaram
 Chainsaw Man
 Gangs of London
 Enola Holmes
 The Rookie
 Everything Everywhere All at Once
 Tom Clancy's Jack Ryan
 Werewolf by Night
 Kantara
 The Old Man
 NCIS
 She-Hulk: Attorney at Law
 Thor: Love and Thunder
 The Batman
 The Northman
 The Takeover
 Avatar
 The Last Kingdom
 Barbarians
 Top Gun
 The Winchesters
 Ant-Man and the Wasp: Quantumania
 Vikings
 Cobra Kai
 The Lost City
 One Piece Film: Red
 The Mandalorian
 Ghostbusters
 See
 Attack on Titan
 Buffy the Vampire Slayer
 Morbius

